<?xml version="1.0"?>

<ruleset name="TestParam" xmlns="http://pmd.sourceforge.net/ruleset/2.0.0"
		 xmlns:xsi="http://www.w3.org/2001/XMLSchema-instance"
		 xsi:schemaLocation="http://pmd.sourceforge.net/ruleset/2.0.0 http://pmd.sourceforge.net/ruleset_2_0_0.xsd">
	<description>TestParam</description>

	<rule name="MethodParameterCountRule"
		  language="java"
		  message="java.oop.MethodParameterCountRule.rule.msg"
		  class="com.alibaba.p3c.pmd.lang.java.rule.oop.MethodParameterCountRule">
		<priority>1</priority>

		<example>
			<![CDATA[
Negative example:
    public void methodB(int a, int b, int c, int d, int e) {

    }
            ]]>
		</example>
		<example>
			<![CDATA[
Positive example:
    public void methodA() {

    }
]]>
		</example>
	</rule>


</ruleset>
